[29-Dec-2024 07:52:29 UTC] PHP Warning:  Undefined variable $error_message in /home/u480473927/domains/sec-email.site/public_html/register.php on line 324
[29-Dec-2024 07:52:29 UTC] PHP Warning:  Undefined variable $success_message in /home/u480473927/domains/sec-email.site/public_html/register.php on line 326
[30-Dec-2024 06:42:53 UTC] PHP Fatal error:  Uncaught PDOException: SQLSTATE[HY000] [2002] No such file or directory in /home/u480473927/domains/sec-email.site/public_html/config.php:19
Stack trace:
#0 /home/u480473927/domains/sec-email.site/public_html/login.php(19): require_once()
#1 {main}
  thrown in /home/u480473927/domains/sec-email.site/public_html/config.php on line 19
[30-Dec-2024 06:42:55 UTC] PHP Fatal error:  Uncaught PDOException: SQLSTATE[HY000] [2002] No such file or directory in /home/u480473927/domains/sec-email.site/public_html/config.php:19
Stack trace:
#0 /home/u480473927/domains/sec-email.site/public_html/reset_password.php(17): require_once()
#1 {main}
  thrown in /home/u480473927/domains/sec-email.site/public_html/config.php on line 19
[30-Dec-2024 06:42:57 UTC] PHP Fatal error:  Uncaught PDOException: SQLSTATE[HY000] [2002] No such file or directory in /home/u480473927/domains/sec-email.site/public_html/config.php:19
Stack trace:
#0 /home/u480473927/domains/sec-email.site/public_html/reset_password.php(17): require_once()
#1 {main}
  thrown in /home/u480473927/domains/sec-email.site/public_html/config.php on line 19
[30-Dec-2024 06:43:02 UTC] PHP Fatal error:  Uncaught PDOException: SQLSTATE[HY000] [2002] No such file or directory in /home/u480473927/domains/sec-email.site/public_html/config.php:19
Stack trace:
#0 /home/u480473927/domains/sec-email.site/public_html/index.php(19): require_once()
#1 {main}
  thrown in /home/u480473927/domains/sec-email.site/public_html/config.php on line 19
[30-Dec-2024 06:43:31 UTC] PHP Fatal error:  Uncaught PDOException: SQLSTATE[HY000] [2002] No such file or directory in /home/u480473927/domains/sec-email.site/public_html/config.php:19
Stack trace:
#0 /home/u480473927/domains/sec-email.site/public_html/index.php(19): require_once()
#1 {main}
  thrown in /home/u480473927/domains/sec-email.site/public_html/config.php on line 19
[30-Dec-2024 06:53:46 UTC] PHP Fatal error:  Uncaught PDOException: SQLSTATE[HY000] [1045] Access denied for user 'u480473927_security'@'localhost' (using password: YES) in /home/u480473927/domains/sec-email.site/public_html/config.php:19
Stack trace:
#0 /home/u480473927/domains/sec-email.site/public_html/index.php(19): require_once()
#1 {main}
  thrown in /home/u480473927/domains/sec-email.site/public_html/config.php on line 19
[30-Dec-2024 06:54:35 UTC] PHP Fatal error:  Uncaught PDOException: SQLSTATE[HY000] [1045] Access denied for user 'u480473927_security'@'localhost' (using password: YES) in /home/u480473927/domains/sec-email.site/public_html/config.php:19
Stack trace:
#0 /home/u480473927/domains/sec-email.site/public_html/login.php(19): require_once()
#1 {main}
  thrown in /home/u480473927/domains/sec-email.site/public_html/config.php on line 19
[30-Dec-2024 06:56:39 UTC] PHP Fatal error:  Uncaught PDOException: SQLSTATE[HY000] [1045] Access denied for user 'u480473927_security'@'localhost' (using password: YES) in /home/u480473927/domains/sec-email.site/public_html/config.php:19
Stack trace:
#0 /home/u480473927/domains/sec-email.site/public_html/index.php(19): require_once()
#1 {main}
  thrown in /home/u480473927/domains/sec-email.site/public_html/config.php on line 19
[31-Dec-2024 06:44:28 UTC] PHP Fatal error:  Uncaught PDOException: SQLSTATE[HY000] [1045] Access denied for user 'u480473927_security'@'localhost' (using password: YES) in /home/u480473927/domains/sec-email.site/public_html/config.php:19
Stack trace:
#0 /home/u480473927/domains/sec-email.site/public_html/login.php(16): require_once()
#1 {main}
  thrown in /home/u480473927/domains/sec-email.site/public_html/config.php on line 19
[31-Dec-2024 06:48:39 UTC] PHP Warning:  Undefined variable $error_message in /home/u480473927/domains/sec-email.site/public_html/register.php on line 318
[31-Dec-2024 06:48:39 UTC] PHP Warning:  Undefined variable $success_message in /home/u480473927/domains/sec-email.site/public_html/register.php on line 320
[31-Dec-2024 07:04:06 UTC] PHP Warning:  Undefined variable $error_message in /home/u480473927/domains/sec-email.site/public_html/register.php on line 319
[31-Dec-2024 07:04:06 UTC] PHP Warning:  Undefined variable $success_message in /home/u480473927/domains/sec-email.site/public_html/register.php on line 321
